# JRE version: OpenJDK Runtime Environment (7.0_101) (build 1.7.0_101-b00)
# Java VM: OpenJDK 64-Bit Server VM (24.95-b01 mixed mode linux-amd64 compressed oops)
Heap
 PSYoungGen      total 146432K, used 145654K [0x00000000f5500000, 0x00000000fef00000, 0x0000000100000000)
  eden space 138240K, 100% used [0x00000000f5500000,0x00000000fdc00000,0x00000000fdc00000)
  from space 8192K, 90% used [0x00000000fe500000,0x00000000fec3db20,0x00000000fed00000)
  to   space 9216K, 0% used [0x00000000fdc00000,0x00000000fdc00000,0x00000000fe500000)
 ParOldGen       total 20992K, used 14373K [0x00000000e0000000, 0x00000000e1480000, 0x00000000f5500000)
  object space 20992K, 68% used [0x00000000e0000000,0x00000000e0e09748,0x00000000e1480000)
 PSPermGen       total 38400K, used 37970K [0x00000000d5a00000, 0x00000000d7f80000, 0x00000000e0000000)
  object space 38400K, 98% used [0x00000000d5a00000,0x00000000d7f14a08,0x00000000d7f80000)
GC Heap History (10 events):
Event: 5,155 GC heap before
{Heap before GC invocations=4 (full 0):
 PSYoungGen      total 18432K, used 18416K [0x00000000f5500000, 0x00000000f7900000, 0x0000000100000000)
  eden space 17408K, 100% used [0x00000000f5500000,0x00000000f6600000,0x00000000f6600000)
  from space 1024K, 98% used [0x00000000f6600000,0x00000000f66fc250,0x00000000f6700000)
  to   space 1024K, 0% used [0x00000000f7800000,0x00000000f7800000,0x00000000f7900000)
 ParOldGen       total 20992K, used 4833K [0x00000000e0000000, 0x00000000e1480000, 0x00000000f5500000)
  object space 20992K, 23% used [0x00000000e0000000,0x00000000e04b86a0,0x00000000e1480000)
 PSPermGen       total 21504K, used 16096K [0x00000000d5a00000, 0x00000000d6f00000, 0x00000000e0000000)
  object space 21504K, 74% used [0x00000000d5a00000,0x00000000d69b8198,0x00000000d6f00000)
Event: 5,168 GC heap after
Heap after GC invocations=4 (full 0):
 PSYoungGen      total 35840K, used 1008K [0x00000000f5500000, 0x00000000f7900000, 0x0000000100000000)
  eden space 34816K, 0% used [0x00000000f5500000,0x00000000f5500000,0x00000000f7700000)
  from space 1024K, 98% used [0x00000000f7800000,0x00000000f78fc250,0x00000000f7900000)
  to   space 1024K, 0% used [0x00000000f7700000,0x00000000f7700000,0x00000000f7800000)
 ParOldGen       total 20992K, used 7620K [0x00000000e0000000, 0x00000000e1480000, 0x00000000f5500000)
  object space 20992K, 36% used [0x00000000e0000000,0x00000000e0771150,0x00000000e1480000)
 PSPermGen       total 21504K, used 16096K [0x00000000d5a00000, 0x00000000d6f00000, 0x00000000e0000000)
  object space 21504K, 74% used [0x00000000d5a00000,0x00000000d69b8198,0x00000000d6f00000)
}
Event: 7,172 GC heap before
{Heap before GC invocations=5 (full 0):
 PSYoungGen      total 35840K, used 35824K [0x00000000f5500000, 0x00000000f7900000, 0x0000000100000000)
  eden space 34816K, 100% used [0x00000000f5500000,0x00000000f7700000,0x00000000f7700000)
  from space 1024K, 98% used [0x00000000f7800000,0x00000000f78fc250,0x00000000f7900000)
  to   space 1024K, 0% used [0x00000000f7700000,0x00000000f7700000,0x00000000f7800000)
 ParOldGen       total 20992K, used 7620K [0x00000000e0000000, 0x00000000e1480000, 0x00000000f5500000)
  object space 20992K, 36% used [0x00000000e0000000,0x00000000e0771150,0x00000000e1480000)
 PSPermGen       total 21504K, used 18683K [0x00000000d5a00000, 0x00000000d6f00000, 0x00000000e0000000)
  object space 21504K, 86% used [0x00000000d5a00000,0x00000000d6c3ed38,0x00000000d6f00000)
Event: 7,205 GC heap after
Heap after GC invocations=5 (full 0):
 PSYoungGen      total 35840K, used 1024K [0x00000000f5500000, 0x00000000fa500000, 0x0000000100000000)
  eden space 34816K, 0% used [0x00000000f5500000,0x00000000f5500000,0x00000000f7700000)
  from space 1024K, 100% used [0x00000000f7700000,0x00000000f7800000,0x00000000f7800000)
  to   space 6144K, 0% used [0x00000000f9f00000,0x00000000f9f00000,0x00000000fa500000)
 ParOldGen       total 20992K, used 12017K [0x00000000e0000000, 0x00000000e1480000, 0x00000000f5500000)
  object space 20992K, 57% used [0x00000000e0000000,0x00000000e0bbc618,0x00000000e1480000)
 PSPermGen       total 21504K, used 18683K [0x00000000d5a00000, 0x00000000d6f00000, 0x00000000e0000000)
  object space 21504K, 86% used [0x00000000d5a00000,0x00000000d6c3ed38,0x00000000d6f00000)
}
Event: 8,564 GC heap before
{Heap before GC invocations=6 (full 0):
 PSYoungGen      total 35840K, used 35840K [0x00000000f5500000, 0x00000000fa500000, 0x0000000100000000)
  eden space 34816K, 100% used [0x00000000f5500000,0x00000000f7700000,0x00000000f7700000)
  from space 1024K, 100% used [0x00000000f7700000,0x00000000f7800000,0x00000000f7800000)
  to   space 6144K, 0% used [0x00000000f9f00000,0x00000000f9f00000,0x00000000fa500000)
 ParOldGen       total 20992K, used 12017K [0x00000000e0000000, 0x00000000e1480000, 0x00000000f5500000)
  object space 20992K, 57% used [0x00000000e0000000,0x00000000e0bbc618,0x00000000e1480000)
 PSPermGen       total 21504K, used 19742K [0x00000000d5a00000, 0x00000000d6f00000, 0x00000000e0000000)
  object space 21504K, 91% used [0x00000000d5a00000,0x00000000d6d479c8,0x00000000d6f00000)
Event: 8,589 GC heap after
Heap after GC invocations=6 (full 0):
 PSYoungGen      total 75776K, used 4079K [0x00000000f5500000, 0x00000000fa500000, 0x0000000100000000)
  eden space 69632K, 0% used [0x00000000f5500000,0x00000000f5500000,0x00000000f9900000)
  from space 6144K, 66% used [0x00000000f9f00000,0x00000000fa2fbc88,0x00000000fa500000)
  to   space 6144K, 0% used [0x00000000f9900000,0x00000000f9900000,0x00000000f9f00000)
 ParOldGen       total 20992K, used 12017K [0x00000000e0000000, 0x00000000e1480000, 0x00000000f5500000)
  object space 20992K, 57% used [0x00000000e0000000,0x00000000e0bbc618,0x00000000e1480000)
 PSPermGen       total 21504K, used 19742K [0x00000000d5a00000, 0x00000000d6f00000, 0x00000000e0000000)
  object space 21504K, 91% used [0x00000000d5a00000,0x00000000d6d479c8,0x00000000d6f00000)
}
Event: 33,169 GC heap before
{Heap before GC invocations=7 (full 0):
 PSYoungGen      total 75776K, used 73711K [0x00000000f5500000, 0x00000000fa500000, 0x0000000100000000)
  eden space 69632K, 100% used [0x00000000f5500000,0x00000000f9900000,0x00000000f9900000)
  from space 6144K, 66% used [0x00000000f9f00000,0x00000000fa2fbc88,0x00000000fa500000)
  to   space 6144K, 0% used [0x00000000f9900000,0x00000000f9900000,0x00000000f9f00000)
 ParOldGen       total 20992K, used 12017K [0x00000000e0000000, 0x00000000e1480000, 0x00000000f5500000)
  object space 20992K, 57% used [0x00000000e0000000,0x00000000e0bbc618,0x00000000e1480000)
 PSPermGen       total 25088K, used 24715K [0x00000000d5a00000, 0x00000000d7280000, 0x00000000e0000000)
  object space 25088K, 98% used [0x00000000d5a00000,0x00000000d7222c58,0x00000000d7280000)
Event: 33,316 GC heap after
Heap after GC invocations=7 (full 0):
 PSYoungGen      total 75776K, used 6126K [0x00000000f5500000, 0x00000000fed00000, 0x0000000100000000)
  eden space 69632K, 0% used [0x00000000f5500000,0x00000000f5500000,0x00000000f9900000)
  from space 6144K, 99% used [0x00000000f9900000,0x00000000f9efb930,0x00000000f9f00000)
  to   space 8192K, 0% used [0x00000000fe500000,0x00000000fe500000,0x00000000fed00000)
 ParOldGen       total 20992K, used 14125K [0x00000000e0000000, 0x00000000e1480000, 0x00000000f5500000)
  object space 20992K, 67% used [0x00000000e0000000,0x00000000e0dcb738,0x00000000e1480000)
 PSPermGen       total 25088K, used 24715K [0x00000000d5a00000, 0x00000000d7280000, 0x00000000e0000000)
  object space 25088K, 98% used [0x00000000d5a00000,0x00000000d7222c58,0x00000000d7280000)
}
Event: 39,322 GC heap before
{Heap before GC invocations=8 (full 0):
 PSYoungGen      total 75776K, used 75758K [0x00000000f5500000, 0x00000000fed00000, 0x0000000100000000)
  eden space 69632K, 100% used [0x00000000f5500000,0x00000000f9900000,0x00000000f9900000)
  from space 6144K, 99% used [0x00000000f9900000,0x00000000f9efb930,0x00000000f9f00000)
  to   space 8192K, 0% used [0x00000000fe500000,0x00000000fe500000,0x00000000fed00000)
 ParOldGen       total 20992K, used 14125K [0x00000000e0000000, 0x00000000e1480000, 0x00000000f5500000)
  object space 20992K, 67% used [0x00000000e0000000,0x00000000e0dcb738,0x00000000e1480000)
 PSPermGen       total 28160K, used 28008K [0x00000000d5a00000, 0x00000000d7580000, 0x00000000e0000000)
  object space 28160K, 99% used [0x00000000d5a00000,0x00000000d755a098,0x00000000d7580000)
Event: 39,613 GC heap after
Heap after GC invocations=8 (full 0):
 PSYoungGen      total 146432K, used 7414K [0x00000000f5500000, 0x00000000fef00000, 0x0000000100000000)
  eden space 138240K, 0% used [0x00000000f5500000,0x00000000f5500000,0x00000000fdc00000)
  from space 8192K, 90% used [0x00000000fe500000,0x00000000fec3db20,0x00000000fed00000)
  to   space 9216K, 0% used [0x00000000fdc00000,0x00000000fdc00000,0x00000000fe500000)
 ParOldGen       total 20992K, used 14373K [0x00000000e0000000, 0x00000000e1480000, 0x00000000f5500000)
  object space 20992K, 68% used [0x00000000e0000000,0x00000000e0e09748,0x00000000e1480000)
 PSPermGen       total 28160K, used 28008K [0x00000000d5a00000, 0x00000000d7580000, 0x00000000e0000000)
  object space 28160K, 99% used [0x00000000d5a00000,0x00000000d755a098,0x00000000d7580000)
}

